p/p44.jpeg 1 0 0 1056 1408
p/p68.jpeg 1 0 0 1056 1408
p/p22.jpeg 1 0 0 1056 1408
p/p11.jpeg 1 0 0 1056 1408
p/p33.jpeg 1 0 0 1056 1408
p/p0.jpeg 1 0 0 1056 1408
p/p65.jpeg 1 0 0 1056 1408
p/p64.jpeg 1 0 0 1056 1408
p/p67.jpeg 1 0 0 1056 1408
p/p62.jpeg 1 0 0 1056 1408
p/p61.jpeg 1 0 0 1056 1408
p/p63.jpeg 1 0 0 1056 1408
p/p59.jpeg 1 0 0 1056 1408
p/p58.jpeg 1 0 0 1056 1408
p/p60.jpeg 1 0 0 1056 1408
p/p56.jpeg 1 0 0 1056 1408
p/p54.jpeg 1 0 0 1056 1408
p/p57.jpeg 1 0 0 1056 1408
p/p52.jpeg 1 0 0 1056 1408
p/p51.jpeg 1 0 0 1056 1408
p/p53.jpeg 1 0 0 1056 1408
p/p49.jpeg 1 0 0 1056 1408
p/p48.jpeg 1 0 0 1056 1408
p/p47.jpeg 1 0 0 1056 1408
p/p50.jpeg 1 0 0 1056 1408
p/p45.jpeg 1 0 0 1056 1408
p/p43.jpeg 1 0 0 1056 1408
p/p46.jpeg 1 0 0 1056 1408
p/p41.jpeg 1 0 0 1056 1408
p/p40.jpeg 1 0 0 1056 1408
p/p42.jpeg 1 0 0 1056 1408
p/p38.jpeg 1 0 0 1056 1408
p/p37.jpeg 1 0 0 1056 1408
p/p36.jpeg 1 0 0 1056 1408
p/p39.jpeg 1 0 0 1056 1408
p/p34.jpeg 1 0 0 1056 1408
p/p32.jpeg 1 0 0 1056 1408
p/p35.jpeg 1 0 0 1056 1408
p/p30.jpeg 1 0 0 1056 1408
p/p29.jpeg 1 0 0 1056 1408
p/p31.jpeg 1 0 0 1056 1408
p/p27.jpeg 1 0 0 1056 1408
p/p26.jpeg 1 0 0 1056 1408
p/p28.jpeg 1 0 0 1056 1408
p/p24.jpeg 1 0 0 1056 1408
p/p23.jpeg 1 0 0 1056 1408
p/p25.jpeg 1 0 0 1056 1408
p/p20.jpeg 1 0 0 1056 1408
p/p19.jpeg 1 0 0 1056 1408
p/p21.jpeg 1 0 0 1056 1408
p/p18.jpeg 1 0 0 1056 1408
p/p16.jpeg 1 0 0 1056 1408
p/p15.jpeg 1 0 0 1056 1408
p/p17.jpeg 1 0 0 1056 1408
p/p13.jpeg 1 0 0 1056 1408
p/p12.jpeg 1 0 0 1056 1408
p/p10.jpeg 1 0 0 1056 1408
p/p14.jpeg 1 0 0 1056 1408
p/p8.jpeg 1 0 0 1056 1408
p/p9.jpeg 1 0 0 1056 1408
p/p7.jpeg 1 0 0 1056 1408
p/p5.jpeg 1 0 0 1056 1408
p/p6.jpeg 1 0 0 1056 1408
p/p3.jpeg 1 0 0 1056 1408
p/p2.jpeg 1 0 0 1056 1408
p/p4.jpeg 1 0 0 1056 1408
p/p1.jpeg 1 0 0 1056 1408
p/p69.jpeg 1 0 0 1056 1408
p/p66.jpeg 1 0 0 1056 1408
p/p55.jpeg 1 0 0 1056 1408